05-16 12:22:53 com_github_MitjaNemec_Archive3DModels.action_archive_3d_models 220:Plugin executed on: 'linux'
05-16 12:22:53 com_github_MitjaNemec_Archive3DModels.action_archive_3d_models 221:Plugin executed with python version: '3.10.12 (main, Nov 20 2023, 15:14:05) [GCC 11.4.0]'
05-16 12:22:53 com_github_MitjaNemec_Archive3DModels.action_archive_3d_models 222:KiCad build version: 8.0.2-8.0.2-0~ubuntu22.04.1
05-16 12:22:53 com_github_MitjaNemec_Archive3DModels.action_archive_3d_models 223:Plugin version: 1.0.12

05-16 12:22:53 com_github_MitjaNemec_Archive3DModels.action_archive_3d_models 228:Screen sizes: [wx.Size(1920, 1080), wx.Size(1920, 1080)]
05-16 12:22:53 com_github_MitjaNemec_Archive3DModels.action_archive_3d_models 235:Dialog size: wx.Size(213, 81)
05-16 12:22:53 com_github_MitjaNemec_Archive3DModels.action_archive_3d_models 237:Char size: 17
05-16 12:23:06 com_github_MitjaNemec_Archive3DModels.archive_3d_models 26:Starting to archive 3D models
05-16 12:23:06 com_github_MitjaNemec_Archive3DModels.archive_3d_models 47:Getting 3D models for footprint of: JP1
05-16 12:23:06 com_github_MitjaNemec_Archive3DModels.archive_3d_models 47:Getting 3D models for footprint of: JP8
05-16 12:23:06 com_github_MitjaNemec_Archive3DModels.archive_3d_models 47:Getting 3D models for footprint of: JP3
05-16 12:23:06 com_github_MitjaNemec_Archive3DModels.archive_3d_models 47:Getting 3D models for footprint of: JP2
05-16 12:23:06 com_github_MitjaNemec_Archive3DModels.archive_3d_models 47:Getting 3D models for footprint of: JP5
05-16 12:23:06 com_github_MitjaNemec_Archive3DModels.archive_3d_models 47:Getting 3D models for footprint of: JP7
05-16 12:23:06 com_github_MitjaNemec_Archive3DModels.archive_3d_models 47:Getting 3D models for footprint of: J1
05-16 12:23:06 com_github_MitjaNemec_Archive3DModels.archive_3d_models 59:Trying to copy: ${KICAD8_3DMODEL_DIR}/Connector_PinHeader_2.54mm.3dshapes/PinHeader_2x05_P2.54mm_Vertical.wrl
05-16 12:23:06 com_github_MitjaNemec_Archive3DModels.archive_3d_models 139:Remapping: ${KICAD8_3DMODEL_DIR}/Connector_PinHeader_2.54mm.3dshapes/PinHeader_2x05_P2.54mm_Vertical.wrl
05-16 12:23:06 com_github_MitjaNemec_Archive3DModels.archive_3d_models 47:Getting 3D models for footprint of: TH1
05-16 12:23:06 com_github_MitjaNemec_Archive3DModels.archive_3d_models 59:Trying to copy: ${KICAD8_3DMODEL_DIR}/Diode_THT.3dshapes/D_DO-35_SOD27_P7.62mm_Horizontal.wrl
05-16 12:23:06 com_github_MitjaNemec_Archive3DModels.archive_3d_models 139:Remapping: ${KICAD8_3DMODEL_DIR}/Diode_THT.3dshapes/D_DO-35_SOD27_P7.62mm_Horizontal.wrl
05-16 12:23:06 com_github_MitjaNemec_Archive3DModels.archive_3d_models 47:Getting 3D models for footprint of: PCB1
05-16 12:23:06 com_github_MitjaNemec_Archive3DModels.archive_3d_models 47:Getting 3D models for footprint of: JP6
05-16 12:23:06 com_github_MitjaNemec_Archive3DModels.archive_3d_models 47:Getting 3D models for footprint of: JP4
05-16 12:23:06 com_github_MitjaNemec_Archive3DModels.archive_3d_models 47:Getting 3D models for footprint of: J2
05-16 12:23:06 com_github_MitjaNemec_Archive3DModels.archive_3d_models 59:Trying to copy: ${KICAD8_3DMODEL_DIR}/Connector_PinHeader_2.54mm.3dshapes/PinHeader_2x05_P2.54mm_Vertical.wrl
05-16 12:23:06 com_github_MitjaNemec_Archive3DModels.archive_3d_models 139:Remapping: ${KICAD8_3DMODEL_DIR}/Connector_PinHeader_2.54mm.3dshapes/PinHeader_2x05_P2.54mm_Vertical.wrl
